Mon Apr  7 21:11:35 2025: Running xcd server. This server was built by gradle.
Mon Apr  7 21:11:35 2025: Server was asked to start on port: '38975'
Mon Apr  7 21:11:35 2025: Server is using token UUID: '186edfe3-3f92-44d7-9f09-dc89541b44b2'
Mon Apr  7 21:11:35 2025: SESSION_MGR: creating session with session uuid: '6d04a3e9-ade5-4ab9-8d63-1f78fcd2ec76' and name 'default'
Mon Apr  7 21:11:35 2025: Attempting to start server on port '38975'
Mon Apr  7 21:11:35 2025: XCD main fifo: created main fifo '/tmp/xcdmain186edfe3-3f92-44d7-9f09-dc89541b44b2', fd read = 13
Mon Apr  7 21:11:35 2025: Running Dispatch Server
Mon Apr  7 21:11:35 2025: Version 2.2.0
Mon Apr  7 21:11:43 2025: Dispatch Server: Accepted socket connection from client
Mon Apr  7 21:11:43 2025: Starting Socket connection
Mon Apr  7 21:11:43 2025: EXCHANGE_TOKEN received, server token: 186edfe3-3f92-44d7-9f09-dc89541b44b2, passed token: 186edfe3-3f92-44d7-9f09-dc89541b44b2
Mon Apr  7 21:11:43 2025: SESSION_MGR: creating session with session uuid: 'e778bb23-1b84-4778-82b1-602687a7d3cf' and name 'vitis_hls'
Mon Apr  7 21:11:43 2025: KERNEL_SVC: creating session with uuid: 'e778bb23-1b84-4778-82b1-602687a7d3cf' and name 'vitis_hls'
Mon Apr  7 21:11:43 2025: GUIDANCE_SMGR: creating guidance session with uuid: 'e778bb23-1b84-4778-82b1-602687a7d3cf' and name 'vitis_hls'
Mon Apr  7 21:11:54 2025: STOP_SERVER received, server token: 186edfe3-3f92-44d7-9f09-dc89541b44b2, passed token: 186edfe3-3f92-44d7-9f09-dc89541b44b2
Mon Apr  7 21:11:54 2025: Socket received request to stop server.
Mon Apr  7 21:11:54 2025: Dispatch Server: do_await_stop
Mon Apr  7 21:11:54 2025: Dispatch Server: stopping mainFifo_
Mon Apr  7 21:11:54 2025: XCD main fifo: Stopping
Mon Apr  7 21:11:54 2025: XCD main fifo: do_read error code: Operation canceled
Mon Apr  7 21:11:54 2025: XCD main fifo: bytes_transferred: 0
Mon Apr  7 21:11:54 2025: SERVER: destructor for server bound to port 38975
Mon Apr  7 21:11:54 2025: XCD main fifo: Good unlink of /tmp/xcdmain186edfe3-3f92-44d7-9f09-dc89541b44b2
Mon Apr  7 21:11:54 2025: Server exiting with status 0.
Mon Apr  7 21:11:54 2025: Closing log file.
