hls_src/accelerator.cpp:11:9: warning: HLS pragma dump _XLX_SEP_ PragmaIsValid=1_XLX_SEP_ PragmaType=interface_XLX_SEP_ PragmaContext=_XLX_SEP_ PragmaFunction=gustavson_hls_XLX_SEP_ PragmaOptions=ap_memory port=valuesA depth=256_XLX_SEP_ [-Wdump-hls-pragmas]
#pragma HLS INTERFACE ap_memory port=valuesA depth=256
        ^
hls_src/accelerator.cpp:12:9: warning: HLS pragma dump _XLX_SEP_ PragmaIsValid=1_XLX_SEP_ PragmaType=interface_XLX_SEP_ PragmaContext=_XLX_SEP_ PragmaFunction=gustavson_hls_XLX_SEP_ PragmaOptions=ap_memory port=col_indicesA depth=256_XLX_SEP_ [-Wdump-hls-pragmas]
#pragma HLS INTERFACE ap_memory port=col_indicesA depth=256
        ^
hls_src/accelerator.cpp:13:9: warning: HLS pragma dump _XLX_SEP_ PragmaIsValid=1_XLX_SEP_ PragmaType=interface_XLX_SEP_ PragmaContext=_XLX_SEP_ PragmaFunction=gustavson_hls_XLX_SEP_ PragmaOptions=ap_memory port=row_ptrA depth=16 +1_XLX_SEP_ [-Wdump-hls-pragmas]
#pragma HLS INTERFACE ap_memory port=row_ptrA depth=16 +1
        ^
hls_src/accelerator.cpp:14:9: warning: HLS pragma dump _XLX_SEP_ PragmaIsValid=1_XLX_SEP_ PragmaType=interface_XLX_SEP_ PragmaContext=_XLX_SEP_ PragmaFunction=gustavson_hls_XLX_SEP_ PragmaOptions=ap_memory port=B depth=16*16_XLX_SEP_ [-Wdump-hls-pragmas]
#pragma HLS INTERFACE ap_memory port=B depth=16*16
        ^
hls_src/accelerator.cpp:15:9: warning: HLS pragma dump _XLX_SEP_ PragmaIsValid=1_XLX_SEP_ PragmaType=interface_XLX_SEP_ PragmaContext=_XLX_SEP_ PragmaFunction=gustavson_hls_XLX_SEP_ PragmaOptions=ap_memory port=C depth=16*16_XLX_SEP_ [-Wdump-hls-pragmas]
#pragma HLS INTERFACE ap_memory port=C depth=16*16
        ^
hls_src/accelerator.cpp:17:9: warning: HLS pragma dump _XLX_SEP_ PragmaIsValid=1_XLX_SEP_ PragmaType=interface_XLX_SEP_ PragmaContext=_XLX_SEP_ PragmaFunction=gustavson_hls_XLX_SEP_ PragmaOptions=s_axilite port=M bundle=control_XLX_SEP_ [-Wdump-hls-pragmas]
#pragma HLS INTERFACE s_axilite port=M bundle=control
        ^
hls_src/accelerator.cpp:18:9: warning: HLS pragma dump _XLX_SEP_ PragmaIsValid=1_XLX_SEP_ PragmaType=interface_XLX_SEP_ PragmaContext=_XLX_SEP_ PragmaFunction=gustavson_hls_XLX_SEP_ PragmaOptions=s_axilite port=N bundle=control_XLX_SEP_ [-Wdump-hls-pragmas]
#pragma HLS INTERFACE s_axilite port=N bundle=control
        ^
hls_src/accelerator.cpp:19:9: warning: HLS pragma dump _XLX_SEP_ PragmaIsValid=1_XLX_SEP_ PragmaType=interface_XLX_SEP_ PragmaContext=_XLX_SEP_ PragmaFunction=gustavson_hls_XLX_SEP_ PragmaOptions=s_axilite port=nnzA bundle=control_XLX_SEP_ [-Wdump-hls-pragmas]
#pragma HLS INTERFACE s_axilite port=nnzA bundle=control
        ^
hls_src/accelerator.cpp:20:9: warning: HLS pragma dump _XLX_SEP_ PragmaIsValid=1_XLX_SEP_ PragmaType=interface_XLX_SEP_ PragmaContext=_XLX_SEP_ PragmaFunction=gustavson_hls_XLX_SEP_ PragmaOptions=s_axilite port=return bundle=control_XLX_SEP_ [-Wdump-hls-pragmas]
#pragma HLS INTERFACE s_axilite port=return bundle=control
        ^
hls_src/accelerator.cpp:23:9: warning: HLS pragma dump _XLX_SEP_ PragmaIsValid=1_XLX_SEP_ PragmaType=pipeline_XLX_SEP_ PragmaContext=_XLX_SEP_ PragmaFunction=gustavson_hls_XLX_SEP_ PragmaOptions=II=1_XLX_SEP_ [-Wdump-hls-pragmas]
#pragma HLS PIPELINE II=1
        ^
hls_src/accelerator.cpp:28:9: warning: HLS pragma dump _XLX_SEP_ PragmaIsValid=1_XLX_SEP_ PragmaType=pipeline_XLX_SEP_ PragmaContext=_XLX_SEP_ PragmaFunction=gustavson_hls_XLX_SEP_ PragmaOptions=II=1_XLX_SEP_ [-Wdump-hls-pragmas]
#pragma HLS PIPELINE II=1
        ^
hls_src/accelerator.cpp:35:9: warning: HLS pragma dump _XLX_SEP_ PragmaIsValid=1_XLX_SEP_ PragmaType=array_partition_XLX_SEP_ PragmaContext=_XLX_SEP_ PragmaFunction=gustavson_hls_XLX_SEP_ PragmaOptions=variable=row_acc complete dim=1_XLX_SEP_ [-Wdump-hls-pragmas]
#pragma HLS ARRAY_PARTITION variable=row_acc complete dim=1
        ^
hls_src/accelerator.cpp:39:9: warning: HLS pragma dump _XLX_SEP_ PragmaIsValid=1_XLX_SEP_ PragmaType=pipeline_XLX_SEP_ PragmaContext=_XLX_SEP_ PragmaFunction=gustavson_hls_XLX_SEP_ PragmaOptions=II=1_XLX_SEP_ [-Wdump-hls-pragmas]
#pragma HLS PIPELINE II=1
        ^
hls_src/accelerator.cpp:45:9: warning: HLS pragma dump _XLX_SEP_ PragmaIsValid=1_XLX_SEP_ PragmaType=unroll_XLX_SEP_ PragmaContext=_XLX_SEP_ PragmaFunction=gustavson_hls_XLX_SEP_ PragmaOptions=factor=4_XLX_SEP_ [-Wdump-hls-pragmas]
#pragma HLS UNROLL factor=4
        ^
hls_src/accelerator.cpp:52:9: warning: HLS pragma dump _XLX_SEP_ PragmaIsValid=1_XLX_SEP_ PragmaType=pipeline_XLX_SEP_ PragmaContext=_XLX_SEP_ PragmaFunction=gustavson_hls_XLX_SEP_ PragmaOptions=II=1_XLX_SEP_ [-Wdump-hls-pragmas]
#pragma HLS PIPELINE II=1
        ^
15 warnings generated.
